2023-10-19 20:13:06,957 - INFO: Launched 'bar2' on secondary monitor: HDMI-0
2023-10-19 20:13:06,958 - INFO: Updated 'bar2' configuration for monitor: HDMI-0
2023-10-19 20:13:06,963 - INFO: Launched 'bar1' on primary monitor: eDP-1-1
2023-10-19 20:17:15,661 - INFO: Updated 'bar2' configuration for monitor: HDMI-0
2023-10-19 20:17:15,664 - INFO: Launched 'bar2' on secondary monitor: HDMI-0
2023-10-19 20:17:15,667 - INFO: Launched 'bar1' on primary monitor: eDP-1-1
2023-10-28 20:08:56,142 - INFO: Updated 'bar2' configuration for monitor: HDMI-0
2023-10-28 20:08:56,159 - INFO: Launched 'bar2' on secondary monitor: HDMI-0
2023-10-28 20:08:56,166 - INFO: Launched 'bar1' on primary monitor: eDP-1-1
2023-10-28 20:10:01,617 - INFO: Updated 'bar2' configuration for monitor: HDMI-0
2023-10-28 20:10:01,622 - INFO: Launched 'bar2' on secondary monitor: HDMI-0
2023-10-28 20:10:01,628 - INFO: Launched 'bar1' on primary monitor: eDP-1-1
2023-10-28 20:10:22,248 - INFO: Updated 'bar2' configuration for monitor: HDMI-0
2023-10-28 20:10:22,254 - INFO: Launched 'bar2' on secondary monitor: HDMI-0
2023-10-28 20:10:22,258 - INFO: Launched 'bar1' on primary monitor: eDP-1-1
2023-10-28 20:10:39,588 - INFO: Updated 'bar2' configuration for monitor: HDMI-0
2023-10-28 20:10:39,591 - INFO: Launched 'bar2' on secondary monitor: HDMI-0
2023-10-28 20:10:39,595 - INFO: Launched 'bar1' on primary monitor: eDP-1-1
2024-06-11 18:39:00,847 - INFO: Launched 'bar1' on primary monitor: eDP-1
2024-07-01 19:55:34,230 - INFO: Launched 'bar1' on primary monitor: None-1
